<?xml version="1.0" encoding="UTF-8"?>
<!-- Generated by org.testng.reporters.JUnitXMLReporter -->
<testsuite ignored="0" hostname="TYSS-Piyush-Baldaniya" failures="0" tests="3" name="Default test" time="16.777" errors="0" timestamp="2025-09-11T17:21:32 IST">
  <testcase classname="testngExtra.LoginFB" name="logginInToFaceBook" time="6.053"/>
  <testcase classname="testngExtra.LoginFB" name="logginInToFaceBook" time="5.301"/>
  <testcase classname="testngExtra.LoginFB" name="logginInToFaceBook" time="5.375"/>
</testsuite> <!-- Default test -->
