<?xml version="1.0" encoding="UTF-8"?>
<testng-results ignored="3" total="6" passed="3" failed="0" skipped="0">
  <reporter-output>
  </reporter-output>
  <suite started-at="2025-09-15T17:44:12 IST" name="Suite" finished-at="2025-09-15T17:44:12 IST" duration-ms="59">
    <groups>
      <group name="reg">
        <method signature="Demo4Test.case5()[pri:0, instance:typesOfExecution.Demo4Test@38425407]" name="case5" class="typesOfExecution.Demo4Test"/>
        <method signature="Demo4Test.case6()[pri:0, instance:typesOfExecution.Demo4Test@38425407]" name="case6" class="typesOfExecution.Demo4Test"/>
        <method signature="Demo5Test.case7()[pri:0, instance:typesOfExecution.Demo5Test@206a70ef]" name="case7" class="typesOfExecution.Demo5Test"/>
      </group> <!-- reg -->
    </groups>
    <test started-at="2025-09-15T17:44:12 IST" name="Test" finished-at="2025-09-15T17:44:12 IST" duration-ms="59">
      <class name="typesOfExecution.Demo4Test">
        <test-method signature="case5()[pri:0, instance:typesOfExecution.Demo4Test@38425407]" started-at="2025-09-15T17:44:12 IST" name="case5" finished-at="2025-09-15T17:44:12 IST" duration-ms="1" status="PASS">
          <reporter-output>
          </reporter-output>
        </test-method> <!-- case5 -->
        <test-method signature="case6()[pri:0, instance:typesOfExecution.Demo4Test@38425407]" started-at="2025-09-15T17:44:12 IST" name="case6" finished-at="2025-09-15T17:44:12 IST" duration-ms="1" status="PASS">
          <reporter-output>
          </reporter-output>
        </test-method> <!-- case6 -->
      </class> <!-- typesOfExecution.Demo4Test -->
      <class name="typesOfExecution.Demo5Test">
        <test-method signature="case7()[pri:0, instance:typesOfExecution.Demo5Test@206a70ef]" started-at="2025-09-15T17:44:12 IST" name="case7" finished-at="2025-09-15T17:44:12 IST" duration-ms="11" status="PASS">
          <reporter-output>
          </reporter-output>
        </test-method> <!-- case7 -->
      </class> <!-- typesOfExecution.Demo5Test -->
    </test> <!-- Test -->
  </suite> <!-- Suite -->
</testng-results>
