<?xml version="1.0" encoding="UTF-8"?>
<!-- Generated by org.testng.reporters.JUnitXMLReporter -->
<testsuite ignored="3" hostname="TYSS-Piyush-Baldaniya" failures="0" tests="3" name="Test" time="0.059" errors="0" timestamp="2025-09-15T17:44:12 IST">
  <testcase classname="typesOfExecution.Demo5Test" name="case7" time="0.011"/>
  <testcase classname="typesOfExecution.Demo4Test" name="case5" time="0.001"/>
  <testcase classname="typesOfExecution.Demo4Test" name="case6" time="0.001"/>
  <testcase classname="typesOfExecution.Demo5Test" name="case9" time="0.0">
    <ignored/>
  </testcase> <!-- case9 -->
  <testcase classname="typesOfExecution.Demo5Test" name="case8" time="0.0">
    <ignored/>
  </testcase> <!-- case8 -->
  <testcase classname="typesOfExecution.Demo4Test" name="case4" time="0.0">
    <ignored/>
  </testcase> <!-- case4 -->
</testsuite> <!-- Test -->
